<?xml version="1.0" encoding="UTF-8"?>
<testsuite xmlns:xsi="http://www.w3.org/2001/XMLSchema-instance" xsi:noNamespaceSchemaLocation="https://maven.apache.org/surefire/maven-surefire-plugin/xsd/surefire-test-report-3.0.xsd" version="3.0" name="com.example.taskmanagement.TaskManagementIntegrationTest" time="5.954" tests="7" errors="0" skipped="0" failures="0">
  <properties>
[...]
</properties>
  <testcase name="shouldHandleSearchOperations" classname="com.example.taskmanagement.TaskManagementIntegrationTest" time="0.947">
    <system-out><![CDATA[19:35:19.680 [main] INFO org.springframework.test.context.support.AnnotationConfigContextLoaderUtils -- Could not detect default configuration classes for test class [com.example.taskmanagement.TaskManagementIntegrationTest]: TaskManagementIntegrationTest does not declare any static, non-private, non-final, nested classes annotated with @Configuration.
19:35:19.741 [main] INFO org.springframework.boot.test.context.SpringBootTestContextBootstrapper -- Found @SpringBootConfiguration com.example.taskmanagement.TaskManagementApplication for test class com.example.taskmanagement.TaskManagementIntegrationTest

  .   ____          _            __ _ _
 /\\ / ___'_ __ _ _(_)_ __  __ _ \ \ \ \
( ( )\___ | '_ | '_| | '_ \/ _` | \ \ \ \
 \\/  ___)| |_)| | | | | || (_| |  ) ) ) )
  '  |____| .__|_| |_|_| |_\__, | / / / /
 =========|_|==============|___/=/_/_/_/
 :: Spring Boot ::                (v3.2.5)

2025-08-06T19:35:20.008Z  INFO 7099 --- [task-management-api-test] [           main] c.e.t.TaskManagementIntegrationTest      : Starting TaskManagementIntegrationTest using Java 21.0.7 with PID 7099 (started by ubuntu in /workspace)
2025-08-06T19:35:20.009Z DEBUG 7099 --- [task-management-api-test] [           main] c.e.t.TaskManagementIntegrationTest      : Running with Spring Boot v3.2.5, Spring v6.1.6
2025-08-06T19:35:20.009Z  INFO 7099 --- [task-management-api-test] [           main] c.e.t.TaskManagementIntegrationTest      : The following 1 profile is active: "test"
2025-08-06T19:35:20.408Z  INFO 7099 --- [task-management-api-test] [           main] .s.d.r.c.RepositoryConfigurationDelegate : Bootstrapping Spring Data JPA repositories in DEFAULT mode.
2025-08-06T19:35:20.439Z  INFO 7099 --- [task-management-api-test] [           main] .s.d.r.c.RepositoryConfigurationDelegate : Finished Spring Data repository scanning in 26 ms. Found 1 JPA repository interface.
2025-08-06T19:35:20.748Z  INFO 7099 --- [task-management-api-test] [           main] o.s.b.w.embedded.tomcat.TomcatWebServer  : Tomcat initialized with port 0 (http)
2025-08-06T19:35:20.759Z  INFO 7099 --- [task-management-api-test] [           main] o.apache.catalina.core.StandardService   : Starting service [Tomcat]
2025-08-06T19:35:20.760Z  INFO 7099 --- [task-management-api-test] [           main] o.apache.catalina.core.StandardEngine    : Starting Servlet engine: [Apache Tomcat/10.1.20]
2025-08-06T19:35:20.791Z  INFO 7099 --- [task-management-api-test] [           main] o.a.c.c.C.[Tomcat].[localhost].[/]       : Initializing Spring embedded WebApplicationContext
2025-08-06T19:35:20.791Z  INFO 7099 --- [task-management-api-test] [           main] w.s.c.ServletWebServerApplicationContext : Root WebApplicationContext: initialization completed in 774 ms
2025-08-06T19:35:20.816Z  INFO 7099 --- [task-management-api-test] [           main] com.zaxxer.hikari.HikariDataSource       : HikariPool-1 - Starting...
2025-08-06T19:35:20.971Z  INFO 7099 --- [task-management-api-test] [           main] com.zaxxer.hikari.pool.HikariPool        : HikariPool-1 - Added connection conn0: url=jdbc:h2:mem:testdb user=SA
2025-08-06T19:35:20.972Z  INFO 7099 --- [task-management-api-test] [           main] com.zaxxer.hikari.HikariDataSource       : HikariPool-1 - Start completed.
2025-08-06T19:35:20.981Z  INFO 7099 --- [task-management-api-test] [           main] o.s.b.a.h2.H2ConsoleAutoConfiguration    : H2 console available at '/h2-console'. Database available at 'jdbc:h2:mem:testdb'
2025-08-06T19:35:21.066Z  INFO 7099 --- [task-management-api-test] [           main] o.hibernate.jpa.internal.util.LogHelper  : HHH000204: Processing PersistenceUnitInfo [name: default]
2025-08-06T19:35:21.093Z  INFO 7099 --- [task-management-api-test] [           main] org.hibernate.Version                    : HHH000412: Hibernate ORM core version 6.4.4.Final
2025-08-06T19:35:21.110Z  INFO 7099 --- [task-management-api-test] [           main] o.h.c.internal.RegionFactoryInitiator    : HHH000026: Second-level cache disabled
2025-08-06T19:35:21.219Z  INFO 7099 --- [task-management-api-test] [           main] o.s.o.j.p.SpringPersistenceUnitInfo      : No LoadTimeWeaver setup: ignoring JPA class transformer
2025-08-06T19:35:21.241Z  WARN 7099 --- [task-management-api-test] [           main] org.hibernate.orm.deprecation            : HHH90000025: H2Dialect does not need to be specified explicitly using 'hibernate.dialect' (remove the property setting and it will be selected by default)
2025-08-06T19:35:21.716Z  INFO 7099 --- [task-management-api-test] [           main] o.h.e.t.j.p.i.JtaPlatformInitiator       : HHH000489: No JTA platform available (set 'hibernate.transaction.jta.platform' to enable JTA platform integration)
2025-08-06T19:35:21.741Z  INFO 7099 --- [task-management-api-test] [           main] j.LocalContainerEntityManagerFactoryBean : Initialized JPA EntityManagerFactory for persistence unit 'default'
2025-08-06T19:35:21.962Z  INFO 7099 --- [task-management-api-test] [           main] o.s.d.j.r.query.QueryEnhancerFactory     : Hibernate is in classpath; If applicable, HQL parser will be used.
2025-08-06T19:35:22.314Z  WARN 7099 --- [task-management-api-test] [           main] JpaBaseConfiguration$JpaWebConfiguration : spring.jpa.open-in-view is enabled by default. Therefore, database queries may be performed during view rendering. Explicitly configure spring.jpa.open-in-view to disable this warning
2025-08-06T19:35:22.563Z  INFO 7099 --- [task-management-api-test] [           main] o.s.b.w.embedded.tomcat.TomcatWebServer  : Tomcat started on port 35413 (http) with context path ''
2025-08-06T19:35:22.572Z  INFO 7099 --- [task-management-api-test] [           main] c.e.t.TaskManagementIntegrationTest      : Started TaskManagementIntegrationTest in 2.755 seconds (process running for 3.361)
2025-08-06T19:35:22.598Z  INFO 7099 --- [task-management-api-test] [           main] j.LocalContainerEntityManagerFactoryBean : Closing JPA EntityManagerFactory for persistence unit 'default'
2025-08-06T19:35:22.602Z  INFO 7099 --- [task-management-api-test] [           main] com.zaxxer.hikari.HikariDataSource       : HikariPool-1 - Shutdown initiated...
2025-08-06T19:35:22.603Z  INFO 7099 --- [task-management-api-test] [           main] com.zaxxer.hikari.HikariDataSource       : HikariPool-1 - Shutdown completed.

  .   ____          _            __ _ _
 /\\ / ___'_ __ _ _(_)_ __  __ _ \ \ \ \
( ( )\___ | '_ | '_| | '_ \/ _` | \ \ \ \
 \\/  ___)| |_)| | | | | || (_| |  ) ) ) )
  '  |____| .__|_| |_|_| |_\__, | / / / /
 =========|_|==============|___/=/_/_/_/
 :: Spring Boot ::                (v3.2.5)

2025-08-06T19:35:22.624Z  INFO 7099 --- [task-management-api-test] [           main] c.e.t.TaskManagementIntegrationTest      : Starting TaskManagementIntegrationTest using Java 21.0.7 with PID 7099 (started by ubuntu in /workspace)
2025-08-06T19:35:22.624Z DEBUG 7099 --- [task-management-api-test] [           main] c.e.t.TaskManagementIntegrationTest      : Running with Spring Boot v3.2.5, Spring v6.1.6
2025-08-06T19:35:22.624Z  INFO 7099 --- [task-management-api-test] [           main] c.e.t.TaskManagementIntegrationTest      : The following 1 profile is active: "test"
2025-08-06T19:35:22.709Z  INFO 7099 --- [task-management-api-test] [           main] .s.d.r.c.RepositoryConfigurationDelegate : Bootstrapping Spring Data JPA repositories in DEFAULT mode.
2025-08-06T19:35:22.713Z  INFO 7099 --- [task-management-api-test] [           main] .s.d.r.c.RepositoryConfigurationDelegate : Finished Spring Data repository scanning in 3 ms. Found 1 JPA repository interface.
2025-08-06T19:35:22.753Z  INFO 7099 --- [task-management-api-test] [           main] o.s.b.w.embedded.tomcat.TomcatWebServer  : Tomcat initialized with port 0 (http)
2025-08-06T19:35:22.754Z  INFO 7099 --- [task-management-api-test] [           main] o.apache.catalina.core.StandardService   : Starting service [Tomcat]
2025-08-06T19:35:22.754Z  INFO 7099 --- [task-management-api-test] [           main] o.apache.catalina.core.StandardEngine    : Starting Servlet engine: [Apache Tomcat/10.1.20]
2025-08-06T19:35:22.761Z  INFO 7099 --- [task-management-api-test] [           main] o.a.c.c.C.[Tomcat].[localhost].[/]       : Initializing Spring embedded WebApplicationContext
2025-08-06T19:35:22.761Z  INFO 7099 --- [task-management-api-test] [           main] w.s.c.ServletWebServerApplicationContext : Root WebApplicationContext: initialization completed in 135 ms
2025-08-06T19:35:22.768Z  INFO 7099 --- [task-management-api-test] [           main] com.zaxxer.hikari.HikariDataSource       : HikariPool-2 - Starting...
2025-08-06T19:35:22.770Z  INFO 7099 --- [task-management-api-test] [           main] com.zaxxer.hikari.pool.HikariPool        : HikariPool-2 - Added connection conn10: url=jdbc:h2:mem:testdb user=SA
2025-08-06T19:35:22.771Z  INFO 7099 --- [task-management-api-test] [           main] com.zaxxer.hikari.HikariDataSource       : HikariPool-2 - Start completed.
2025-08-06T19:35:22.771Z  INFO 7099 --- [task-management-api-test] [           main] o.s.b.a.h2.H2ConsoleAutoConfiguration    : H2 console available at '/h2-console'. Database available at 'jdbc:h2:mem:testdb'
2025-08-06T19:35:22.786Z  INFO 7099 --- [task-management-api-test] [           main] o.hibernate.jpa.internal.util.LogHelper  : HHH000204: Processing PersistenceUnitInfo [name: default]
2025-08-06T19:35:22.787Z  INFO 7099 --- [task-management-api-test] [           main] o.h.c.internal.RegionFactoryInitiator    : HHH000026: Second-level cache disabled
2025-08-06T19:35:22.789Z  INFO 7099 --- [task-management-api-test] [           main] o.s.o.j.p.SpringPersistenceUnitInfo      : No LoadTimeWeaver setup: ignoring JPA class transformer
2025-08-06T19:35:22.790Z  WARN 7099 --- [task-management-api-test] [           main] org.hibernate.orm.deprecation            : HHH90000025: H2Dialect does not need to be specified explicitly using 'hibernate.dialect' (remove the property setting and it will be selected by default)
2025-08-06T19:35:22.815Z  INFO 7099 --- [task-management-api-test] [           main] o.h.e.t.j.p.i.JtaPlatformInitiator       : HHH000489: No JTA platform available (set 'hibernate.transaction.jta.platform' to enable JTA platform integration)
2025-08-06T19:35:22.817Z  INFO 7099 --- [task-management-api-test] [           main] j.LocalContainerEntityManagerFactoryBean : Initialized JPA EntityManagerFactory for persistence unit 'default'
2025-08-06T19:35:22.847Z  WARN 7099 --- [task-management-api-test] [           main] JpaBaseConfiguration$JpaWebConfiguration : spring.jpa.open-in-view is enabled by default. Therefore, database queries may be performed during view rendering. Explicitly configure spring.jpa.open-in-view to disable this warning
2025-08-06T19:35:22.919Z  INFO 7099 --- [task-management-api-test] [           main] o.s.b.w.embedded.tomcat.TomcatWebServer  : Tomcat started on port 43069 (http) with context path ''
2025-08-06T19:35:22.921Z  INFO 7099 --- [task-management-api-test] [           main] c.e.t.TaskManagementIntegrationTest      : Started TaskManagementIntegrationTest in 0.312 seconds (process running for 3.71)
2025-08-06T19:35:23.330Z  INFO 7099 --- [task-management-api-test] [           main] o.a.c.c.C.[Tomcat].[localhost].[/]       : Initializing Spring TestDispatcherServlet ''
2025-08-06T19:35:23.331Z  INFO 7099 --- [task-management-api-test] [           main] o.s.t.web.servlet.TestDispatcherServlet  : Initializing Servlet ''
2025-08-06T19:35:23.331Z  INFO 7099 --- [task-management-api-test] [           main] o.s.t.web.servlet.TestDispatcherServlet  : Completed initialization in 0 ms
]]></system-out>
    <system-err><![CDATA[WARNING: A Java agent has been loaded dynamically (/home/ubuntu/.m2/repository/net/bytebuddy/byte-buddy-agent/1.14.13/byte-buddy-agent-1.14.13.jar)
WARNING: If a serviceability tool is in use, please run with -XX:+EnableDynamicAgentLoading to hide this warning
WARNING: If a serviceability tool is not in use, please run with -Djdk.instrument.traceUsage for more information
WARNING: Dynamic loading of agents will be disallowed by default in a future release
]]></system-err>
  </testcase>
  <testcase name="shouldPerformFullTaskLifecycle" classname="com.example.taskmanagement.TaskManagementIntegrationTest" time="0.422">
    <system-out><![CDATA[2025-08-06T19:35:23.534Z  INFO 7099 --- [task-management-api-test] [           main] j.LocalContainerEntityManagerFactoryBean : Closing JPA EntityManagerFactory for persistence unit 'default'
2025-08-06T19:35:23.535Z  INFO 7099 --- [task-management-api-test] [           main] com.zaxxer.hikari.HikariDataSource       : HikariPool-2 - Shutdown initiated...
2025-08-06T19:35:23.536Z  INFO 7099 --- [task-management-api-test] [           main] com.zaxxer.hikari.HikariDataSource       : HikariPool-2 - Shutdown completed.

  .   ____          _            __ _ _
 /\\ / ___'_ __ _ _(_)_ __  __ _ \ \ \ \
( ( )\___ | '_ | '_| | '_ \/ _` | \ \ \ \
 \\/  ___)| |_)| | | | | || (_| |  ) ) ) )
  '  |____| .__|_| |_|_| |_\__, | / / / /
 =========|_|==============|___/=/_/_/_/
 :: Spring Boot ::                (v3.2.5)

2025-08-06T19:35:23.553Z  INFO 7099 --- [task-management-api-test] [           main] c.e.t.TaskManagementIntegrationTest      : Starting TaskManagementIntegrationTest using Java 21.0.7 with PID 7099 (started by ubuntu in /workspace)
2025-08-06T19:35:23.553Z DEBUG 7099 --- [task-management-api-test] [           main] c.e.t.TaskManagementIntegrationTest      : Running with Spring Boot v3.2.5, Spring v6.1.6
2025-08-06T19:35:23.553Z  INFO 7099 --- [task-management-api-test] [           main] c.e.t.TaskManagementIntegrationTest      : The following 1 profile is active: "test"
2025-08-06T19:35:23.612Z  INFO 7099 --- [task-management-api-test] [           main] .s.d.r.c.RepositoryConfigurationDelegate : Bootstrapping Spring Data JPA repositories in DEFAULT mode.
2025-08-06T19:35:23.615Z  INFO 7099 --- [task-management-api-test] [           main] .s.d.r.c.RepositoryConfigurationDelegate : Finished Spring Data repository scanning in 3 ms. Found 1 JPA repository interface.
2025-08-06T19:35:23.660Z  INFO 7099 --- [task-management-api-test] [           main] o.s.b.w.embedded.tomcat.TomcatWebServer  : Tomcat initialized with port 0 (http)
2025-08-06T19:35:23.661Z  INFO 7099 --- [task-management-api-test] [           main] o.apache.catalina.core.StandardService   : Starting service [Tomcat]
2025-08-06T19:35:23.661Z  INFO 7099 --- [task-management-api-test] [           main] o.apache.catalina.core.StandardEngine    : Starting Servlet engine: [Apache Tomcat/10.1.20]
2025-08-06T19:35:23.668Z  INFO 7099 --- [task-management-api-test] [           main] o.a.c.c.C.[Tomcat].[localhost].[/]       : Initializing Spring embedded WebApplicationContext
2025-08-06T19:35:23.668Z  INFO 7099 --- [task-management-api-test] [           main] w.s.c.ServletWebServerApplicationContext : Root WebApplicationContext: initialization completed in 115 ms
2025-08-06T19:35:23.674Z  INFO 7099 --- [task-management-api-test] [           main] com.zaxxer.hikari.HikariDataSource       : HikariPool-3 - Starting...
2025-08-06T19:35:23.675Z  INFO 7099 --- [task-management-api-test] [           main] com.zaxxer.hikari.pool.HikariPool        : HikariPool-3 - Added connection conn20: url=jdbc:h2:mem:testdb user=SA
2025-08-06T19:35:23.675Z  INFO 7099 --- [task-management-api-test] [           main] com.zaxxer.hikari.HikariDataSource       : HikariPool-3 - Start completed.
2025-08-06T19:35:23.675Z  INFO 7099 --- [task-management-api-test] [           main] o.s.b.a.h2.H2ConsoleAutoConfiguration    : H2 console available at '/h2-console'. Database available at 'jdbc:h2:mem:testdb'
2025-08-06T19:35:23.715Z  INFO 7099 --- [task-management-api-test] [           main] o.hibernate.jpa.internal.util.LogHelper  : HHH000204: Processing PersistenceUnitInfo [name: default]
2025-08-06T19:35:23.719Z  INFO 7099 --- [task-management-api-test] [           main] o.h.c.internal.RegionFactoryInitiator    : HHH000026: Second-level cache disabled
2025-08-06T19:35:23.723Z  INFO 7099 --- [task-management-api-test] [           main] o.s.o.j.p.SpringPersistenceUnitInfo      : No LoadTimeWeaver setup: ignoring JPA class transformer
2025-08-06T19:35:23.724Z  WARN 7099 --- [task-management-api-test] [           main] org.hibernate.orm.deprecation            : HHH90000025: H2Dialect does not need to be specified explicitly using 'hibernate.dialect' (remove the property setting and it will be selected by default)
2025-08-06T19:35:23.748Z  INFO 7099 --- [task-management-api-test] [           main] o.h.e.t.j.p.i.JtaPlatformInitiator       : HHH000489: No JTA platform available (set 'hibernate.transaction.jta.platform' to enable JTA platform integration)
2025-08-06T19:35:23.749Z  INFO 7099 --- [task-management-api-test] [           main] j.LocalContainerEntityManagerFactoryBean : Initialized JPA EntityManagerFactory for persistence unit 'default'
2025-08-06T19:35:23.776Z  WARN 7099 --- [task-management-api-test] [           main] JpaBaseConfiguration$JpaWebConfiguration : spring.jpa.open-in-view is enabled by default. Therefore, database queries may be performed during view rendering. Explicitly configure spring.jpa.open-in-view to disable this warning
2025-08-06T19:35:23.826Z  INFO 7099 --- [task-management-api-test] [           main] o.s.b.w.embedded.tomcat.TomcatWebServer  : Tomcat started on port 35003 (http) with context path ''
2025-08-06T19:35:23.828Z  INFO 7099 --- [task-management-api-test] [           main] c.e.t.TaskManagementIntegrationTest      : Started TaskManagementIntegrationTest in 0.29 seconds (process running for 4.618)
2025-08-06T19:35:23.831Z  INFO 7099 --- [task-management-api-test] [           main] o.a.c.c.C.[Tomcat].[localhost].[/]       : Initializing Spring TestDispatcherServlet ''
2025-08-06T19:35:23.831Z  INFO 7099 --- [task-management-api-test] [           main] o.s.t.web.servlet.TestDispatcherServlet  : Initializing Servlet ''
2025-08-06T19:35:23.831Z  INFO 7099 --- [task-management-api-test] [           main] o.s.t.web.servlet.TestDispatcherServlet  : Completed initialization in 0 ms
]]></system-out>
  </testcase>
  <testcase name="shouldHandleTaskStatusOperations" classname="com.example.taskmanagement.TaskManagementIntegrationTest" time="0.323">
    <system-out><![CDATA[2025-08-06T19:35:23.959Z  INFO 7099 --- [task-management-api-test] [           main] j.LocalContainerEntityManagerFactoryBean : Closing JPA EntityManagerFactory for persistence unit 'default'
2025-08-06T19:35:23.965Z  INFO 7099 --- [task-management-api-test] [           main] com.zaxxer.hikari.HikariDataSource       : HikariPool-3 - Shutdown initiated...
2025-08-06T19:35:23.967Z  INFO 7099 --- [task-management-api-test] [           main] com.zaxxer.hikari.HikariDataSource       : HikariPool-3 - Shutdown completed.

  .   ____          _            __ _ _
 /\\ / ___'_ __ _ _(_)_ __  __ _ \ \ \ \
( ( )\___ | '_ | '_| | '_ \/ _` | \ \ \ \
 \\/  ___)| |_)| | | | | || (_| |  ) ) ) )
  '  |____| .__|_| |_|_| |_\__, | / / / /
 =========|_|==============|___/=/_/_/_/
 :: Spring Boot ::                (v3.2.5)

2025-08-06T19:35:23.993Z  INFO 7099 --- [task-management-api-test] [           main] c.e.t.TaskManagementIntegrationTest      : Starting TaskManagementIntegrationTest using Java 21.0.7 with PID 7099 (started by ubuntu in /workspace)
2025-08-06T19:35:23.993Z DEBUG 7099 --- [task-management-api-test] [           main] c.e.t.TaskManagementIntegrationTest      : Running with Spring Boot v3.2.5, Spring v6.1.6
2025-08-06T19:35:23.993Z  INFO 7099 --- [task-management-api-test] [           main] c.e.t.TaskManagementIntegrationTest      : The following 1 profile is active: "test"
2025-08-06T19:35:24.062Z  INFO 7099 --- [task-management-api-test] [           main] .s.d.r.c.RepositoryConfigurationDelegate : Bootstrapping Spring Data JPA repositories in DEFAULT mode.
2025-08-06T19:35:24.068Z  INFO 7099 --- [task-management-api-test] [           main] .s.d.r.c.RepositoryConfigurationDelegate : Finished Spring Data repository scanning in 5 ms. Found 1 JPA repository interface.
2025-08-06T19:35:24.110Z  INFO 7099 --- [task-management-api-test] [           main] o.s.b.w.embedded.tomcat.TomcatWebServer  : Tomcat initialized with port 0 (http)
2025-08-06T19:35:24.111Z  INFO 7099 --- [task-management-api-test] [           main] o.apache.catalina.core.StandardService   : Starting service [Tomcat]
2025-08-06T19:35:24.111Z  INFO 7099 --- [task-management-api-test] [           main] o.apache.catalina.core.StandardEngine    : Starting Servlet engine: [Apache Tomcat/10.1.20]
2025-08-06T19:35:24.117Z  INFO 7099 --- [task-management-api-test] [           main] o.a.c.c.C.[Tomcat].[localhost].[/]       : Initializing Spring embedded WebApplicationContext
2025-08-06T19:35:24.117Z  INFO 7099 --- [task-management-api-test] [           main] w.s.c.ServletWebServerApplicationContext : Root WebApplicationContext: initialization completed in 123 ms
2025-08-06T19:35:24.122Z  INFO 7099 --- [task-management-api-test] [           main] com.zaxxer.hikari.HikariDataSource       : HikariPool-4 - Starting...
2025-08-06T19:35:24.124Z  INFO 7099 --- [task-management-api-test] [           main] com.zaxxer.hikari.pool.HikariPool        : HikariPool-4 - Added connection conn30: url=jdbc:h2:mem:testdb user=SA
2025-08-06T19:35:24.124Z  INFO 7099 --- [task-management-api-test] [           main] com.zaxxer.hikari.HikariDataSource       : HikariPool-4 - Start completed.
2025-08-06T19:35:24.124Z  INFO 7099 --- [task-management-api-test] [           main] o.s.b.a.h2.H2ConsoleAutoConfiguration    : H2 console available at '/h2-console'. Database available at 'jdbc:h2:mem:testdb'
2025-08-06T19:35:24.134Z  INFO 7099 --- [task-management-api-test] [           main] o.hibernate.jpa.internal.util.LogHelper  : HHH000204: Processing PersistenceUnitInfo [name: default]
2025-08-06T19:35:24.135Z  INFO 7099 --- [task-management-api-test] [           main] o.h.c.internal.RegionFactoryInitiator    : HHH000026: Second-level cache disabled
2025-08-06T19:35:24.138Z  INFO 7099 --- [task-management-api-test] [           main] o.s.o.j.p.SpringPersistenceUnitInfo      : No LoadTimeWeaver setup: ignoring JPA class transformer
2025-08-06T19:35:24.140Z  WARN 7099 --- [task-management-api-test] [           main] org.hibernate.orm.deprecation            : HHH90000025: H2Dialect does not need to be specified explicitly using 'hibernate.dialect' (remove the property setting and it will be selected by default)
2025-08-06T19:35:24.161Z  INFO 7099 --- [task-management-api-test] [           main] o.h.e.t.j.p.i.JtaPlatformInitiator       : HHH000489: No JTA platform available (set 'hibernate.transaction.jta.platform' to enable JTA platform integration)
2025-08-06T19:35:24.162Z  INFO 7099 --- [task-management-api-test] [           main] j.LocalContainerEntityManagerFactoryBean : Initialized JPA EntityManagerFactory for persistence unit 'default'
2025-08-06T19:35:24.187Z  WARN 7099 --- [task-management-api-test] [           main] JpaBaseConfiguration$JpaWebConfiguration : spring.jpa.open-in-view is enabled by default. Therefore, database queries may be performed during view rendering. Explicitly configure spring.jpa.open-in-view to disable this warning
2025-08-06T19:35:24.250Z  INFO 7099 --- [task-management-api-test] [           main] o.s.b.w.embedded.tomcat.TomcatWebServer  : Tomcat started on port 42725 (http) with context path ''
2025-08-06T19:35:24.252Z  INFO 7099 --- [task-management-api-test] [           main] c.e.t.TaskManagementIntegrationTest      : Started TaskManagementIntegrationTest in 0.28 seconds (process running for 5.041)
2025-08-06T19:35:24.254Z  INFO 7099 --- [task-management-api-test] [           main] o.a.c.c.C.[Tomcat].[localhost].[/]       : Initializing Spring TestDispatcherServlet ''
2025-08-06T19:35:24.254Z  INFO 7099 --- [task-management-api-test] [           main] o.s.t.web.servlet.TestDispatcherServlet  : Initializing Servlet ''
2025-08-06T19:35:24.255Z  INFO 7099 --- [task-management-api-test] [           main] o.s.t.web.servlet.TestDispatcherServlet  : Completed initialization in 1 ms
]]></system-out>
  </testcase>
  <testcase name="shouldHandleNotFoundErrors" classname="com.example.taskmanagement.TaskManagementIntegrationTest" time="0.314">
    <system-out><![CDATA[2025-08-06T19:35:24.282Z  INFO 7099 --- [task-management-api-test] [           main] j.LocalContainerEntityManagerFactoryBean : Closing JPA EntityManagerFactory for persistence unit 'default'
2025-08-06T19:35:24.283Z  INFO 7099 --- [task-management-api-test] [           main] com.zaxxer.hikari.HikariDataSource       : HikariPool-4 - Shutdown initiated...
2025-08-06T19:35:24.288Z  INFO 7099 --- [task-management-api-test] [           main] com.zaxxer.hikari.HikariDataSource       : HikariPool-4 - Shutdown completed.

  .   ____          _            __ _ _
 /\\ / ___'_ __ _ _(_)_ __  __ _ \ \ \ \
( ( )\___ | '_ | '_| | '_ \/ _` | \ \ \ \
 \\/  ___)| |_)| | | | | || (_| |  ) ) ) )
  '  |____| .__|_| |_|_| |_\__, | / / / /
 =========|_|==============|___/=/_/_/_/
 :: Spring Boot ::                (v3.2.5)

2025-08-06T19:35:24.311Z  INFO 7099 --- [task-management-api-test] [           main] c.e.t.TaskManagementIntegrationTest      : Starting TaskManagementIntegrationTest using Java 21.0.7 with PID 7099 (started by ubuntu in /workspace)
2025-08-06T19:35:24.311Z DEBUG 7099 --- [task-management-api-test] [           main] c.e.t.TaskManagementIntegrationTest      : Running with Spring Boot v3.2.5, Spring v6.1.6
2025-08-06T19:35:24.311Z  INFO 7099 --- [task-management-api-test] [           main] c.e.t.TaskManagementIntegrationTest      : The following 1 profile is active: "test"
2025-08-06T19:35:24.402Z  INFO 7099 --- [task-management-api-test] [           main] .s.d.r.c.RepositoryConfigurationDelegate : Bootstrapping Spring Data JPA repositories in DEFAULT mode.
2025-08-06T19:35:24.405Z  INFO 7099 --- [task-management-api-test] [           main] .s.d.r.c.RepositoryConfigurationDelegate : Finished Spring Data repository scanning in 2 ms. Found 1 JPA repository interface.
2025-08-06T19:35:24.432Z  INFO 7099 --- [task-management-api-test] [           main] o.s.b.w.embedded.tomcat.TomcatWebServer  : Tomcat initialized with port 0 (http)
2025-08-06T19:35:24.433Z  INFO 7099 --- [task-management-api-test] [           main] o.apache.catalina.core.StandardService   : Starting service [Tomcat]
2025-08-06T19:35:24.433Z  INFO 7099 --- [task-management-api-test] [           main] o.apache.catalina.core.StandardEngine    : Starting Servlet engine: [Apache Tomcat/10.1.20]
2025-08-06T19:35:24.439Z  INFO 7099 --- [task-management-api-test] [           main] o.a.c.c.C.[Tomcat].[localhost].[/]       : Initializing Spring embedded WebApplicationContext
2025-08-06T19:35:24.439Z  INFO 7099 --- [task-management-api-test] [           main] w.s.c.ServletWebServerApplicationContext : Root WebApplicationContext: initialization completed in 127 ms
2025-08-06T19:35:24.444Z  INFO 7099 --- [task-management-api-test] [           main] com.zaxxer.hikari.HikariDataSource       : HikariPool-5 - Starting...
2025-08-06T19:35:24.449Z  INFO 7099 --- [task-management-api-test] [           main] com.zaxxer.hikari.pool.HikariPool        : HikariPool-5 - Added connection conn37: url=jdbc:h2:mem:testdb user=SA
2025-08-06T19:35:24.450Z  INFO 7099 --- [task-management-api-test] [           main] com.zaxxer.hikari.HikariDataSource       : HikariPool-5 - Start completed.
2025-08-06T19:35:24.450Z  INFO 7099 --- [task-management-api-test] [           main] o.s.b.a.h2.H2ConsoleAutoConfiguration    : H2 console available at '/h2-console'. Database available at 'jdbc:h2:mem:testdb'
2025-08-06T19:35:24.459Z  INFO 7099 --- [task-management-api-test] [           main] o.hibernate.jpa.internal.util.LogHelper  : HHH000204: Processing PersistenceUnitInfo [name: default]
2025-08-06T19:35:24.460Z  INFO 7099 --- [task-management-api-test] [           main] o.h.c.internal.RegionFactoryInitiator    : HHH000026: Second-level cache disabled
2025-08-06T19:35:24.462Z  INFO 7099 --- [task-management-api-test] [           main] o.s.o.j.p.SpringPersistenceUnitInfo      : No LoadTimeWeaver setup: ignoring JPA class transformer
2025-08-06T19:35:24.462Z  WARN 7099 --- [task-management-api-test] [           main] org.hibernate.orm.deprecation            : HHH90000025: H2Dialect does not need to be specified explicitly using 'hibernate.dialect' (remove the property setting and it will be selected by default)
2025-08-06T19:35:24.481Z  INFO 7099 --- [task-management-api-test] [           main] o.h.e.t.j.p.i.JtaPlatformInitiator       : HHH000489: No JTA platform available (set 'hibernate.transaction.jta.platform' to enable JTA platform integration)
2025-08-06T19:35:24.487Z  INFO 7099 --- [task-management-api-test] [           main] j.LocalContainerEntityManagerFactoryBean : Initialized JPA EntityManagerFactory for persistence unit 'default'
2025-08-06T19:35:24.528Z  WARN 7099 --- [task-management-api-test] [           main] JpaBaseConfiguration$JpaWebConfiguration : spring.jpa.open-in-view is enabled by default. Therefore, database queries may be performed during view rendering. Explicitly configure spring.jpa.open-in-view to disable this warning
2025-08-06T19:35:24.567Z  INFO 7099 --- [task-management-api-test] [           main] o.s.b.w.embedded.tomcat.TomcatWebServer  : Tomcat started on port 46591 (http) with context path ''
2025-08-06T19:35:24.569Z  INFO 7099 --- [task-management-api-test] [           main] c.e.t.TaskManagementIntegrationTest      : Started TaskManagementIntegrationTest in 0.278 seconds (process running for 5.359)
2025-08-06T19:35:24.571Z  INFO 7099 --- [task-management-api-test] [           main] o.a.c.c.C.[Tomcat].[localhost].[/]       : Initializing Spring TestDispatcherServlet ''
2025-08-06T19:35:24.571Z  INFO 7099 --- [task-management-api-test] [           main] o.s.t.web.servlet.TestDispatcherServlet  : Initializing Servlet ''
2025-08-06T19:35:24.572Z  INFO 7099 --- [task-management-api-test] [           main] o.s.t.web.servlet.TestDispatcherServlet  : Completed initialization in 1 ms
]]></system-out>
  </testcase>
  <testcase name="shouldProvideConvenienceEndpoints" classname="com.example.taskmanagement.TaskManagementIntegrationTest" time="0.376">
    <system-out><![CDATA[2025-08-06T19:35:24.596Z  INFO 7099 --- [task-management-api-test] [           main] j.LocalContainerEntityManagerFactoryBean : Closing JPA EntityManagerFactory for persistence unit 'default'
2025-08-06T19:35:24.597Z  INFO 7099 --- [task-management-api-test] [           main] com.zaxxer.hikari.HikariDataSource       : HikariPool-5 - Shutdown initiated...
2025-08-06T19:35:24.605Z  INFO 7099 --- [task-management-api-test] [           main] com.zaxxer.hikari.HikariDataSource       : HikariPool-5 - Shutdown completed.

  .   ____          _            __ _ _
 /\\ / ___'_ __ _ _(_)_ __  __ _ \ \ \ \
( ( )\___ | '_ | '_| | '_ \/ _` | \ \ \ \
 \\/  ___)| |_)| | | | | || (_| |  ) ) ) )
  '  |____| .__|_| |_|_| |_\__, | / / / /
 =========|_|==============|___/=/_/_/_/
 :: Spring Boot ::                (v3.2.5)

2025-08-06T19:35:24.628Z  INFO 7099 --- [task-management-api-test] [           main] c.e.t.TaskManagementIntegrationTest      : Starting TaskManagementIntegrationTest using Java 21.0.7 with PID 7099 (started by ubuntu in /workspace)
2025-08-06T19:35:24.628Z DEBUG 7099 --- [task-management-api-test] [           main] c.e.t.TaskManagementIntegrationTest      : Running with Spring Boot v3.2.5, Spring v6.1.6
2025-08-06T19:35:24.628Z  INFO 7099 --- [task-management-api-test] [           main] c.e.t.TaskManagementIntegrationTest      : The following 1 profile is active: "test"
2025-08-06T19:35:24.752Z  INFO 7099 --- [task-management-api-test] [           main] .s.d.r.c.RepositoryConfigurationDelegate : Bootstrapping Spring Data JPA repositories in DEFAULT mode.
2025-08-06T19:35:24.759Z  INFO 7099 --- [task-management-api-test] [           main] .s.d.r.c.RepositoryConfigurationDelegate : Finished Spring Data repository scanning in 6 ms. Found 1 JPA repository interface.
2025-08-06T19:35:24.796Z  INFO 7099 --- [task-management-api-test] [           main] o.s.b.w.embedded.tomcat.TomcatWebServer  : Tomcat initialized with port 0 (http)
2025-08-06T19:35:24.797Z  INFO 7099 --- [task-management-api-test] [           main] o.apache.catalina.core.StandardService   : Starting service [Tomcat]
2025-08-06T19:35:24.797Z  INFO 7099 --- [task-management-api-test] [           main] o.apache.catalina.core.StandardEngine    : Starting Servlet engine: [Apache Tomcat/10.1.20]
2025-08-06T19:35:24.807Z  INFO 7099 --- [task-management-api-test] [           main] o.a.c.c.C.[Tomcat].[localhost].[/]       : Initializing Spring embedded WebApplicationContext
2025-08-06T19:35:24.807Z  INFO 7099 --- [task-management-api-test] [           main] w.s.c.ServletWebServerApplicationContext : Root WebApplicationContext: initialization completed in 178 ms
2025-08-06T19:35:24.815Z  INFO 7099 --- [task-management-api-test] [           main] com.zaxxer.hikari.HikariDataSource       : HikariPool-6 - Starting...
2025-08-06T19:35:24.817Z  INFO 7099 --- [task-management-api-test] [           main] com.zaxxer.hikari.pool.HikariPool        : HikariPool-6 - Added connection conn43: url=jdbc:h2:mem:testdb user=SA
2025-08-06T19:35:24.818Z  INFO 7099 --- [task-management-api-test] [           main] com.zaxxer.hikari.HikariDataSource       : HikariPool-6 - Start completed.
2025-08-06T19:35:24.818Z  INFO 7099 --- [task-management-api-test] [           main] o.s.b.a.h2.H2ConsoleAutoConfiguration    : H2 console available at '/h2-console'. Database available at 'jdbc:h2:mem:testdb'
2025-08-06T19:35:24.832Z  INFO 7099 --- [task-management-api-test] [           main] o.hibernate.jpa.internal.util.LogHelper  : HHH000204: Processing PersistenceUnitInfo [name: default]
2025-08-06T19:35:24.834Z  INFO 7099 --- [task-management-api-test] [           main] o.h.c.internal.RegionFactoryInitiator    : HHH000026: Second-level cache disabled
2025-08-06T19:35:24.836Z  INFO 7099 --- [task-management-api-test] [           main] o.s.o.j.p.SpringPersistenceUnitInfo      : No LoadTimeWeaver setup: ignoring JPA class transformer
2025-08-06T19:35:24.837Z  WARN 7099 --- [task-management-api-test] [           main] org.hibernate.orm.deprecation            : HHH90000025: H2Dialect does not need to be specified explicitly using 'hibernate.dialect' (remove the property setting and it will be selected by default)
2025-08-06T19:35:24.860Z  INFO 7099 --- [task-management-api-test] [           main] o.h.e.t.j.p.i.JtaPlatformInitiator       : HHH000489: No JTA platform available (set 'hibernate.transaction.jta.platform' to enable JTA platform integration)
2025-08-06T19:35:24.862Z  INFO 7099 --- [task-management-api-test] [           main] j.LocalContainerEntityManagerFactoryBean : Initialized JPA EntityManagerFactory for persistence unit 'default'
2025-08-06T19:35:24.890Z  WARN 7099 --- [task-management-api-test] [           main] JpaBaseConfiguration$JpaWebConfiguration : spring.jpa.open-in-view is enabled by default. Therefore, database queries may be performed during view rendering. Explicitly configure spring.jpa.open-in-view to disable this warning
2025-08-06T19:35:24.932Z  INFO 7099 --- [task-management-api-test] [           main] o.s.b.w.embedded.tomcat.TomcatWebServer  : Tomcat started on port 45853 (http) with context path ''
2025-08-06T19:35:24.935Z  INFO 7099 --- [task-management-api-test] [           main] c.e.t.TaskManagementIntegrationTest      : Started TaskManagementIntegrationTest in 0.321 seconds (process running for 5.724)
2025-08-06T19:35:24.937Z  INFO 7099 --- [task-management-api-test] [           main] o.a.c.c.C.[Tomcat].[localhost].[/]       : Initializing Spring TestDispatcherServlet ''
2025-08-06T19:35:24.937Z  INFO 7099 --- [task-management-api-test] [           main] o.s.t.web.servlet.TestDispatcherServlet  : Initializing Servlet ''
2025-08-06T19:35:24.938Z  INFO 7099 --- [task-management-api-test] [           main] o.s.t.web.servlet.TestDispatcherServlet  : Completed initialization in 1 ms
]]></system-out>
  </testcase>
  <testcase name="shouldMaintainDataIntegrity" classname="com.example.taskmanagement.TaskManagementIntegrationTest" time="0.302">
    <system-out><![CDATA[2025-08-06T19:35:24.976Z  INFO 7099 --- [task-management-api-test] [           main] j.LocalContainerEntityManagerFactoryBean : Closing JPA EntityManagerFactory for persistence unit 'default'
2025-08-06T19:35:24.977Z  INFO 7099 --- [task-management-api-test] [           main] com.zaxxer.hikari.HikariDataSource       : HikariPool-6 - Shutdown initiated...
2025-08-06T19:35:24.982Z  INFO 7099 --- [task-management-api-test] [           main] com.zaxxer.hikari.HikariDataSource       : HikariPool-6 - Shutdown completed.

  .   ____          _            __ _ _
 /\\ / ___'_ __ _ _(_)_ __  __ _ \ \ \ \
( ( )\___ | '_ | '_| | '_ \/ _` | \ \ \ \
 \\/  ___)| |_)| | | | | || (_| |  ) ) ) )
  '  |____| .__|_| |_|_| |_\__, | / / / /
 =========|_|==============|___/=/_/_/_/
 :: Spring Boot ::                (v3.2.5)

2025-08-06T19:35:25.011Z  INFO 7099 --- [task-management-api-test] [           main] c.e.t.TaskManagementIntegrationTest      : Starting TaskManagementIntegrationTest using Java 21.0.7 with PID 7099 (started by ubuntu in /workspace)
2025-08-06T19:35:25.011Z DEBUG 7099 --- [task-management-api-test] [           main] c.e.t.TaskManagementIntegrationTest      : Running with Spring Boot v3.2.5, Spring v6.1.6
2025-08-06T19:35:25.011Z  INFO 7099 --- [task-management-api-test] [           main] c.e.t.TaskManagementIntegrationTest      : The following 1 profile is active: "test"
2025-08-06T19:35:25.086Z  INFO 7099 --- [task-management-api-test] [           main] .s.d.r.c.RepositoryConfigurationDelegate : Bootstrapping Spring Data JPA repositories in DEFAULT mode.
2025-08-06T19:35:25.089Z  INFO 7099 --- [task-management-api-test] [           main] .s.d.r.c.RepositoryConfigurationDelegate : Finished Spring Data repository scanning in 2 ms. Found 1 JPA repository interface.
2025-08-06T19:35:25.125Z  INFO 7099 --- [task-management-api-test] [           main] o.s.b.w.embedded.tomcat.TomcatWebServer  : Tomcat initialized with port 0 (http)
2025-08-06T19:35:25.126Z  INFO 7099 --- [task-management-api-test] [           main] o.apache.catalina.core.StandardService   : Starting service [Tomcat]
2025-08-06T19:35:25.126Z  INFO 7099 --- [task-management-api-test] [           main] o.apache.catalina.core.StandardEngine    : Starting Servlet engine: [Apache Tomcat/10.1.20]
2025-08-06T19:35:25.132Z  INFO 7099 --- [task-management-api-test] [           main] o.a.c.c.C.[Tomcat].[localhost].[/]       : Initializing Spring embedded WebApplicationContext
2025-08-06T19:35:25.132Z  INFO 7099 --- [task-management-api-test] [           main] w.s.c.ServletWebServerApplicationContext : Root WebApplicationContext: initialization completed in 120 ms
2025-08-06T19:35:25.137Z  INFO 7099 --- [task-management-api-test] [           main] com.zaxxer.hikari.HikariDataSource       : HikariPool-7 - Starting...
2025-08-06T19:35:25.139Z  INFO 7099 --- [task-management-api-test] [           main] com.zaxxer.hikari.pool.HikariPool        : HikariPool-7 - Added connection conn50: url=jdbc:h2:mem:testdb user=SA
2025-08-06T19:35:25.139Z  INFO 7099 --- [task-management-api-test] [           main] com.zaxxer.hikari.HikariDataSource       : HikariPool-7 - Start completed.
2025-08-06T19:35:25.139Z  INFO 7099 --- [task-management-api-test] [           main] o.s.b.a.h2.H2ConsoleAutoConfiguration    : H2 console available at '/h2-console'. Database available at 'jdbc:h2:mem:testdb'
2025-08-06T19:35:25.150Z  INFO 7099 --- [task-management-api-test] [           main] o.hibernate.jpa.internal.util.LogHelper  : HHH000204: Processing PersistenceUnitInfo [name: default]
2025-08-06T19:35:25.151Z  INFO 7099 --- [task-management-api-test] [           main] o.h.c.internal.RegionFactoryInitiator    : HHH000026: Second-level cache disabled
2025-08-06T19:35:25.153Z  INFO 7099 --- [task-management-api-test] [           main] o.s.o.j.p.SpringPersistenceUnitInfo      : No LoadTimeWeaver setup: ignoring JPA class transformer
2025-08-06T19:35:25.153Z  WARN 7099 --- [task-management-api-test] [           main] org.hibernate.orm.deprecation            : HHH90000025: H2Dialect does not need to be specified explicitly using 'hibernate.dialect' (remove the property setting and it will be selected by default)
2025-08-06T19:35:25.173Z  INFO 7099 --- [task-management-api-test] [           main] o.h.e.t.j.p.i.JtaPlatformInitiator       : HHH000489: No JTA platform available (set 'hibernate.transaction.jta.platform' to enable JTA platform integration)
2025-08-06T19:35:25.175Z  INFO 7099 --- [task-management-api-test] [           main] j.LocalContainerEntityManagerFactoryBean : Initialized JPA EntityManagerFactory for persistence unit 'default'
2025-08-06T19:35:25.199Z  WARN 7099 --- [task-management-api-test] [           main] JpaBaseConfiguration$JpaWebConfiguration : spring.jpa.open-in-view is enabled by default. Therefore, database queries may be performed during view rendering. Explicitly configure spring.jpa.open-in-view to disable this warning
2025-08-06T19:35:25.236Z  INFO 7099 --- [task-management-api-test] [           main] o.s.b.w.embedded.tomcat.TomcatWebServer  : Tomcat started on port 42449 (http) with context path ''
2025-08-06T19:35:25.238Z  INFO 7099 --- [task-management-api-test] [           main] c.e.t.TaskManagementIntegrationTest      : Started TaskManagementIntegrationTest in 0.253 seconds (process running for 6.027)
2025-08-06T19:35:25.240Z  INFO 7099 --- [task-management-api-test] [           main] o.a.c.c.C.[Tomcat].[localhost].[/]       : Initializing Spring TestDispatcherServlet ''
2025-08-06T19:35:25.240Z  INFO 7099 --- [task-management-api-test] [           main] o.s.t.web.servlet.TestDispatcherServlet  : Initializing Servlet ''
2025-08-06T19:35:25.240Z  INFO 7099 --- [task-management-api-test] [           main] o.s.t.web.servlet.TestDispatcherServlet  : Completed initialization in 0 ms
]]></system-out>
  </testcase>
  <testcase name="shouldHandleValidationErrors" classname="com.example.taskmanagement.TaskManagementIntegrationTest" time="0.259">
    <system-out><![CDATA[2025-08-06T19:35:25.279Z  INFO 7099 --- [task-management-api-test] [           main] j.LocalContainerEntityManagerFactoryBean : Closing JPA EntityManagerFactory for persistence unit 'default'
2025-08-06T19:35:25.280Z  INFO 7099 --- [task-management-api-test] [           main] com.zaxxer.hikari.HikariDataSource       : HikariPool-7 - Shutdown initiated...
2025-08-06T19:35:25.282Z  INFO 7099 --- [task-management-api-test] [           main] com.zaxxer.hikari.HikariDataSource       : HikariPool-7 - Shutdown completed.

  .   ____          _            __ _ _
 /\\ / ___'_ __ _ _(_)_ __  __ _ \ \ \ \
( ( )\___ | '_ | '_| | '_ \/ _` | \ \ \ \
 \\/  ___)| |_)| | | | | || (_| |  ) ) ) )
  '  |____| .__|_| |_|_| |_\__, | / / / /
 =========|_|==============|___/=/_/_/_/
 :: Spring Boot ::                (v3.2.5)

2025-08-06T19:35:25.296Z  INFO 7099 --- [task-management-api-test] [           main] c.e.t.TaskManagementIntegrationTest      : Starting TaskManagementIntegrationTest using Java 21.0.7 with PID 7099 (started by ubuntu in /workspace)
2025-08-06T19:35:25.297Z DEBUG 7099 --- [task-management-api-test] [           main] c.e.t.TaskManagementIntegrationTest      : Running with Spring Boot v3.2.5, Spring v6.1.6
2025-08-06T19:35:25.297Z  INFO 7099 --- [task-management-api-test] [           main] c.e.t.TaskManagementIntegrationTest      : The following 1 profile is active: "test"
2025-08-06T19:35:25.345Z  INFO 7099 --- [task-management-api-test] [           main] .s.d.r.c.RepositoryConfigurationDelegate : Bootstrapping Spring Data JPA repositories in DEFAULT mode.
2025-08-06T19:35:25.347Z  INFO 7099 --- [task-management-api-test] [           main] .s.d.r.c.RepositoryConfigurationDelegate : Finished Spring Data repository scanning in 2 ms. Found 1 JPA repository interface.
2025-08-06T19:35:25.386Z  INFO 7099 --- [task-management-api-test] [           main] o.s.b.w.embedded.tomcat.TomcatWebServer  : Tomcat initialized with port 0 (http)
2025-08-06T19:35:25.386Z  INFO 7099 --- [task-management-api-test] [           main] o.apache.catalina.core.StandardService   : Starting service [Tomcat]
2025-08-06T19:35:25.386Z  INFO 7099 --- [task-management-api-test] [           main] o.apache.catalina.core.StandardEngine    : Starting Servlet engine: [Apache Tomcat/10.1.20]
2025-08-06T19:35:25.392Z  INFO 7099 --- [task-management-api-test] [           main] o.a.c.c.C.[Tomcat].[localhost].[/]       : Initializing Spring embedded WebApplicationContext
2025-08-06T19:35:25.392Z  INFO 7099 --- [task-management-api-test] [           main] w.s.c.ServletWebServerApplicationContext : Root WebApplicationContext: initialization completed in 95 ms
2025-08-06T19:35:25.398Z  INFO 7099 --- [task-management-api-test] [           main] com.zaxxer.hikari.HikariDataSource       : HikariPool-8 - Starting...
2025-08-06T19:35:25.400Z  INFO 7099 --- [task-management-api-test] [           main] com.zaxxer.hikari.pool.HikariPool        : HikariPool-8 - Added connection conn55: url=jdbc:h2:mem:testdb user=SA
2025-08-06T19:35:25.400Z  INFO 7099 --- [task-management-api-test] [           main] com.zaxxer.hikari.HikariDataSource       : HikariPool-8 - Start completed.
2025-08-06T19:35:25.400Z  INFO 7099 --- [task-management-api-test] [           main] o.s.b.a.h2.H2ConsoleAutoConfiguration    : H2 console available at '/h2-console'. Database available at 'jdbc:h2:mem:testdb'
2025-08-06T19:35:25.412Z  INFO 7099 --- [task-management-api-test] [           main] o.hibernate.jpa.internal.util.LogHelper  : HHH000204: Processing PersistenceUnitInfo [name: default]
2025-08-06T19:35:25.413Z  INFO 7099 --- [task-management-api-test] [           main] o.h.c.internal.RegionFactoryInitiator    : HHH000026: Second-level cache disabled
2025-08-06T19:35:25.415Z  INFO 7099 --- [task-management-api-test] [           main] o.s.o.j.p.SpringPersistenceUnitInfo      : No LoadTimeWeaver setup: ignoring JPA class transformer
2025-08-06T19:35:25.416Z  WARN 7099 --- [task-management-api-test] [           main] org.hibernate.orm.deprecation            : HHH90000025: H2Dialect does not need to be specified explicitly using 'hibernate.dialect' (remove the property setting and it will be selected by default)
2025-08-06T19:35:25.434Z  INFO 7099 --- [task-management-api-test] [           main] o.h.e.t.j.p.i.JtaPlatformInitiator       : HHH000489: No JTA platform available (set 'hibernate.transaction.jta.platform' to enable JTA platform integration)
2025-08-06T19:35:25.435Z  INFO 7099 --- [task-management-api-test] [           main] j.LocalContainerEntityManagerFactoryBean : Initialized JPA EntityManagerFactory for persistence unit 'default'
2025-08-06T19:35:25.457Z  WARN 7099 --- [task-management-api-test] [           main] JpaBaseConfiguration$JpaWebConfiguration : spring.jpa.open-in-view is enabled by default. Therefore, database queries may be performed during view rendering. Explicitly configure spring.jpa.open-in-view to disable this warning
2025-08-06T19:35:25.498Z  INFO 7099 --- [task-management-api-test] [           main] o.s.b.w.embedded.tomcat.TomcatWebServer  : Tomcat started on port 44151 (http) with context path ''
2025-08-06T19:35:25.500Z  INFO 7099 --- [task-management-api-test] [           main] c.e.t.TaskManagementIntegrationTest      : Started TaskManagementIntegrationTest in 0.215 seconds (process running for 6.289)
2025-08-06T19:35:25.502Z  INFO 7099 --- [task-management-api-test] [           main] o.a.c.c.C.[Tomcat].[localhost].[/]       : Initializing Spring TestDispatcherServlet ''
2025-08-06T19:35:25.502Z  INFO 7099 --- [task-management-api-test] [           main] o.s.t.web.servlet.TestDispatcherServlet  : Initializing Servlet ''
2025-08-06T19:35:25.502Z  INFO 7099 --- [task-management-api-test] [           main] o.s.t.web.servlet.TestDispatcherServlet  : Completed initialization in 0 ms
]]></system-out>
  </testcase>
</testsuite>