<?xml version="1.0" encoding="UTF-8"?>
<testsuite xmlns:xsi="http://www.w3.org/2001/XMLSchema-instance" xsi:noNamespaceSchemaLocation="https://maven.apache.org/surefire/maven-surefire-plugin/xsd/surefire-test-report-3.0.xsd" version="3.0" name="com.example.taskmanagement.repository.TaskRepositoryTest" time="0.518" tests="10" errors="0" skipped="0" failures="0">
  <properties>
[...]
</properties>
  <testcase name="shouldUpdateTask" classname="com.example.taskmanagement.repository.TaskRepositoryTest" time="0.065">
    <system-out><![CDATA[2025-08-06T19:35:26.199Z  INFO 7099 --- [task-management-api-test] [           main] t.c.s.AnnotationConfigContextLoaderUtils : Could not detect default configuration classes for test class [com.example.taskmanagement.repository.TaskRepositoryTest]: TaskRepositoryTest does not declare any static, non-private, non-final, nested classes annotated with @Configuration.
2025-08-06T19:35:26.231Z  INFO 7099 --- [task-management-api-test] [           main] .b.t.c.SpringBootTestContextBootstrapper : Found @SpringBootConfiguration com.example.taskmanagement.TaskManagementApplication for test class com.example.taskmanagement.repository.TaskRepositoryTest

  .   ____          _            __ _ _
 /\\ / ___'_ __ _ _(_)_ __  __ _ \ \ \ \
( ( )\___ | '_ | '_| | '_ \/ _` | \ \ \ \
 \\/  ___)| |_)| | | | | || (_| |  ) ) ) )
  '  |____| .__|_| |_|_| |_\__, | / / / /
 =========|_|==============|___/=/_/_/_/
 :: Spring Boot ::                (v3.2.5)

2025-08-06T19:35:26.274Z  INFO 7099 --- [task-management-api-test] [           main] c.e.t.repository.TaskRepositoryTest      : Starting TaskRepositoryTest using Java 21.0.7 with PID 7099 (started by ubuntu in /workspace)
2025-08-06T19:35:26.274Z DEBUG 7099 --- [task-management-api-test] [           main] c.e.t.repository.TaskRepositoryTest      : Running with Spring Boot v3.2.5, Spring v6.1.6
2025-08-06T19:35:26.274Z  INFO 7099 --- [task-management-api-test] [           main] c.e.t.repository.TaskRepositoryTest      : The following 1 profile is active: "test"
2025-08-06T19:35:26.419Z  INFO 7099 --- [task-management-api-test] [           main] .s.d.r.c.RepositoryConfigurationDelegate : Bootstrapping Spring Data JPA repositories in DEFAULT mode.
2025-08-06T19:35:26.424Z  INFO 7099 --- [task-management-api-test] [           main] .s.d.r.c.RepositoryConfigurationDelegate : Finished Spring Data repository scanning in 4 ms. Found 1 JPA repository interface.
2025-08-06T19:35:26.435Z  INFO 7099 --- [task-management-api-test] [           main] beddedDataSourceBeanFactoryPostProcessor : Replacing 'dataSource' DataSource bean with embedded version
2025-08-06T19:35:26.451Z  INFO 7099 --- [task-management-api-test] [           main] o.s.j.d.e.EmbeddedDatabaseFactory        : Starting embedded database: url='jdbc:h2:mem:55143ce5-74e7-44ec-b6a6-55e17d980816;DB_CLOSE_DELAY=-1;DB_CLOSE_ON_EXIT=false', username='sa'
2025-08-06T19:35:26.470Z  INFO 7099 --- [task-management-api-test] [           main] o.hibernate.jpa.internal.util.LogHelper  : HHH000204: Processing PersistenceUnitInfo [name: default]
2025-08-06T19:35:26.471Z  INFO 7099 --- [task-management-api-test] [           main] o.h.c.internal.RegionFactoryInitiator    : HHH000026: Second-level cache disabled
2025-08-06T19:35:26.475Z  INFO 7099 --- [task-management-api-test] [           main] o.s.o.j.p.SpringPersistenceUnitInfo      : No LoadTimeWeaver setup: ignoring JPA class transformer
2025-08-06T19:35:26.477Z  WARN 7099 --- [task-management-api-test] [           main] org.hibernate.orm.deprecation            : HHH90000025: H2Dialect does not need to be specified explicitly using 'hibernate.dialect' (remove the property setting and it will be selected by default)
2025-08-06T19:35:26.513Z  INFO 7099 --- [task-management-api-test] [           main] o.h.e.t.j.p.i.JtaPlatformInitiator       : HHH000489: No JTA platform available (set 'hibernate.transaction.jta.platform' to enable JTA platform integration)
Hibernate: 
    drop table if exists tasks cascade 
Hibernate: 
    create table tasks (
        completed boolean not null,
        created_at timestamp(6) not null,
        id bigint generated by default as identity,
        updated_at timestamp(6),
        title varchar(100) not null,
        description varchar(500),
        primary key (id)
    )
2025-08-06T19:35:26.516Z  INFO 7099 --- [task-management-api-test] [           main] j.LocalContainerEntityManagerFactoryBean : Initialized JPA EntityManagerFactory for persistence unit 'default'
2025-08-06T19:35:26.565Z  INFO 7099 --- [task-management-api-test] [           main] c.e.t.repository.TaskRepositoryTest      : Started TaskRepositoryTest in 0.332 seconds (process running for 7.355)
Hibernate: 
    select
        t1_0.id,
        t1_0.completed,
        t1_0.created_at,
        t1_0.description,
        t1_0.title,
        t1_0.updated_at 
    from
        tasks t1_0
Hibernate: 
    insert 
    into
        tasks
        (completed, created_at, description, title, updated_at, id) 
    values
        (?, ?, ?, ?, ?, default)
Hibernate: 
    select
        t1_0.id,
        t1_0.completed,
        t1_0.created_at,
        t1_0.description,
        t1_0.title,
        t1_0.updated_at 
    from
        tasks t1_0 
    where
        t1_0.id=?
]]></system-out>
  </testcase>
  <testcase name="shouldReturnEmptyWhenTaskNotFound" classname="com.example.taskmanagement.repository.TaskRepositoryTest" time="0.008">
    <system-out><![CDATA[Hibernate: 
    select
        t1_0.id,
        t1_0.completed,
        t1_0.created_at,
        t1_0.description,
        t1_0.title,
        t1_0.updated_at 
    from
        tasks t1_0
Hibernate: 
    select
        t1_0.id,
        t1_0.completed,
        t1_0.created_at,
        t1_0.description,
        t1_0.title,
        t1_0.updated_at 
    from
        tasks t1_0 
    where
        t1_0.id=?
]]></system-out>
  </testcase>
  <testcase name="shouldFindAllTasks" classname="com.example.taskmanagement.repository.TaskRepositoryTest" time="0.018">
    <system-out><![CDATA[Hibernate: 
    select
        t1_0.id,
        t1_0.completed,
        t1_0.created_at,
        t1_0.description,
        t1_0.title,
        t1_0.updated_at 
    from
        tasks t1_0
Hibernate: 
    insert 
    into
        tasks
        (completed, created_at, description, title, updated_at, id) 
    values
        (?, ?, ?, ?, ?, default)
Hibernate: 
    insert 
    into
        tasks
        (completed, created_at, description, title, updated_at, id) 
    values
        (?, ?, ?, ?, ?, default)
Hibernate: 
    insert 
    into
        tasks
        (completed, created_at, description, title, updated_at, id) 
    values
        (?, ?, ?, ?, ?, default)
Hibernate: 
    select
        t1_0.id,
        t1_0.completed,
        t1_0.created_at,
        t1_0.description,
        t1_0.title,
        t1_0.updated_at 
    from
        tasks t1_0
]]></system-out>
  </testcase>
  <testcase name="shouldDeleteTask" classname="com.example.taskmanagement.repository.TaskRepositoryTest" time="0.006">
    <system-out><![CDATA[Hibernate: 
    select
        t1_0.id,
        t1_0.completed,
        t1_0.created_at,
        t1_0.description,
        t1_0.title,
        t1_0.updated_at 
    from
        tasks t1_0
Hibernate: 
    insert 
    into
        tasks
        (completed, created_at, description, title, updated_at, id) 
    values
        (?, ?, ?, ?, ?, default)
]]></system-out>
  </testcase>
  <testcase name="shouldFindTasksByTitleContaining" classname="com.example.taskmanagement.repository.TaskRepositoryTest" time="0.009">
    <system-out><![CDATA[Hibernate: 
    select
        t1_0.id,
        t1_0.completed,
        t1_0.created_at,
        t1_0.description,
        t1_0.title,
        t1_0.updated_at 
    from
        tasks t1_0
Hibernate: 
    insert 
    into
        tasks
        (completed, created_at, description, title, updated_at, id) 
    values
        (?, ?, ?, ?, ?, default)
Hibernate: 
    insert 
    into
        tasks
        (completed, created_at, description, title, updated_at, id) 
    values
        (?, ?, ?, ?, ?, default)
Hibernate: 
    insert 
    into
        tasks
        (completed, created_at, description, title, updated_at, id) 
    values
        (?, ?, ?, ?, ?, default)
Hibernate: 
    select
        t1_0.id,
        t1_0.completed,
        t1_0.created_at,
        t1_0.description,
        t1_0.title,
        t1_0.updated_at 
    from
        tasks t1_0 
    where
        upper(t1_0.title) like upper(?) escape '\'
Hibernate: 
    select
        t1_0.id,
        t1_0.completed,
        t1_0.created_at,
        t1_0.description,
        t1_0.title,
        t1_0.updated_at 
    from
        tasks t1_0 
    where
        upper(t1_0.title) like upper(?) escape '\'
]]></system-out>
  </testcase>
  <testcase name="shouldSaveAndFindTask" classname="com.example.taskmanagement.repository.TaskRepositoryTest" time="0.006">
    <system-out><![CDATA[Hibernate: 
    select
        t1_0.id,
        t1_0.completed,
        t1_0.created_at,
        t1_0.description,
        t1_0.title,
        t1_0.updated_at 
    from
        tasks t1_0
Hibernate: 
    insert 
    into
        tasks
        (completed, created_at, description, title, updated_at, id) 
    values
        (?, ?, ?, ?, ?, default)
]]></system-out>
  </testcase>
  <testcase name="shouldCheckIfTaskExists" classname="com.example.taskmanagement.repository.TaskRepositoryTest" time="0.007">
    <system-out><![CDATA[Hibernate: 
    select
        t1_0.id,
        t1_0.completed,
        t1_0.created_at,
        t1_0.description,
        t1_0.title,
        t1_0.updated_at 
    from
        tasks t1_0
Hibernate: 
    insert 
    into
        tasks
        (completed, created_at, description, title, updated_at, id) 
    values
        (?, ?, ?, ?, ?, default)
Hibernate: 
    select
        count(*) 
    from
        tasks t1_0 
    where
        t1_0.id=?
Hibernate: 
    select
        count(*) 
    from
        tasks t1_0 
    where
        t1_0.id=?
]]></system-out>
  </testcase>
  <testcase name="shouldFindTaskById" classname="com.example.taskmanagement.repository.TaskRepositoryTest" time="0.003">
    <system-out><![CDATA[Hibernate: 
    select
        t1_0.id,
        t1_0.completed,
        t1_0.created_at,
        t1_0.description,
        t1_0.title,
        t1_0.updated_at 
    from
        tasks t1_0
Hibernate: 
    insert 
    into
        tasks
        (completed, created_at, description, title, updated_at, id) 
    values
        (?, ?, ?, ?, ?, default)
]]></system-out>
  </testcase>
  <testcase name="shouldCountTasks" classname="com.example.taskmanagement.repository.TaskRepositoryTest" time="0.006">
    <system-out><![CDATA[Hibernate: 
    select
        t1_0.id,
        t1_0.completed,
        t1_0.created_at,
        t1_0.description,
        t1_0.title,
        t1_0.updated_at 
    from
        tasks t1_0
Hibernate: 
    insert 
    into
        tasks
        (completed, created_at, description, title, updated_at, id) 
    values
        (?, ?, ?, ?, ?, default)
Hibernate: 
    insert 
    into
        tasks
        (completed, created_at, description, title, updated_at, id) 
    values
        (?, ?, ?, ?, ?, default)
Hibernate: 
    select
        count(*) 
    from
        tasks t1_0
]]></system-out>
  </testcase>
  <testcase name="shouldFindTasksByCompletedStatus" classname="com.example.taskmanagement.repository.TaskRepositoryTest" time="0.008">
    <system-out><![CDATA[Hibernate: 
    select
        t1_0.id,
        t1_0.completed,
        t1_0.created_at,
        t1_0.description,
        t1_0.title,
        t1_0.updated_at 
    from
        tasks t1_0
Hibernate: 
    insert 
    into
        tasks
        (completed, created_at, description, title, updated_at, id) 
    values
        (?, ?, ?, ?, ?, default)
Hibernate: 
    insert 
    into
        tasks
        (completed, created_at, description, title, updated_at, id) 
    values
        (?, ?, ?, ?, ?, default)
Hibernate: 
    insert 
    into
        tasks
        (completed, created_at, description, title, updated_at, id) 
    values
        (?, ?, ?, ?, ?, default)
Hibernate: 
    select
        t1_0.id,
        t1_0.completed,
        t1_0.created_at,
        t1_0.description,
        t1_0.title,
        t1_0.updated_at 
    from
        tasks t1_0 
    where
        t1_0.completed=?
Hibernate: 
    select
        t1_0.id,
        t1_0.completed,
        t1_0.created_at,
        t1_0.description,
        t1_0.title,
        t1_0.updated_at 
    from
        tasks t1_0 
    where
        t1_0.completed=?
]]></system-out>
  </testcase>
</testsuite>